127 : 2021-10-10 11:19:03,504 : INFO : telemetry.main : Attempt start. Configuration directory [/home/madhu/.azure].
127 : 2021-10-10 11:19:03,505 : INFO : telemetry.check : Positive: The /home/madhu/.azure/telemetry.txt does not exist.
127 : 2021-10-10 11:19:03,505 : DEBUG : telemetry.note : acquiring lock
127 : 2021-10-10 11:19:03,505 : DEBUG : telemetry.note : acquired lock
127 : 2021-10-10 11:19:03,505 : INFO : telemetry.note : Update the note mtime to 2021-10-10 11:19:03.505682
127 : 2021-10-10 11:19:03,505 : WARNING : telemetry.note : Fail to parse or read the timestamp 'N/A' in the note file. Set the last send time to minimal. Reason: not readable
127 : 2021-10-10 11:19:03,506 : INFO : telemetry.records : No cache to be uploaded.
127 : 2021-10-10 11:19:03,506 : INFO : telemetry.client : Accumulated 0 events. Flush the clients.
127 : 2021-10-10 11:19:03,506 : INFO : telemetry.note : Update the last send in note to 0001-01-01 00:00:00
127 : 2021-10-10 11:19:03,506 : INFO : telemetry.note : Update the note mtime to 2021-10-10 11:19:03.506500
116 : 2021-10-10 11:48:17,581 : INFO : telemetry.main : Attempt start. Configuration directory [/home/madhu/.azure].
116 : 2021-10-10 11:48:17,585 : INFO : telemetry.check : Returns Positive.
116 : 2021-10-10 11:48:17,585 : DEBUG : telemetry.note : acquiring lock
116 : 2021-10-10 11:48:17,586 : DEBUG : telemetry.note : acquired lock
116 : 2021-10-10 11:48:17,586 : INFO : telemetry.note : Update the note mtime to 2021-10-10 11:48:17.586126
116 : 2021-10-10 11:48:17,591 : WARNING : telemetry.note : Fail to parse or read the timestamp '1-01-01T00:00:00' in the note file. Set the last send time to minimal. Reason: time data '1-01-01T00:00:00' does not match format '%Y-%m-%dT%H:%M:%S'
116 : 2021-10-10 11:48:17,591 : INFO : telemetry.records : No cache to be uploaded.
116 : 2021-10-10 11:48:17,591 : INFO : telemetry.client : Accumulated 0 events. Flush the clients.
116 : 2021-10-10 11:48:17,592 : INFO : telemetry.note : Update the last send in note to 0001-01-01 00:00:00
116 : 2021-10-10 11:48:17,592 : INFO : telemetry.note : Update the note mtime to 2021-10-10 11:48:17.592318
158 : 2021-10-10 12:04:32,865 : INFO : telemetry.main : Attempt start. Configuration directory [/home/madhu/.azure].
158 : 2021-10-10 12:04:32,866 : INFO : telemetry.check : Returns Positive.
158 : 2021-10-10 12:04:32,866 : DEBUG : telemetry.note : acquiring lock
158 : 2021-10-10 12:04:32,866 : DEBUG : telemetry.note : acquired lock
158 : 2021-10-10 12:04:32,866 : INFO : telemetry.note : Update the note mtime to 2021-10-10 12:04:32.866536
158 : 2021-10-10 12:04:32,868 : WARNING : telemetry.note : Fail to parse or read the timestamp '1-01-01T00:00:00' in the note file. Set the last send time to minimal. Reason: time data '1-01-01T00:00:00' does not match format '%Y-%m-%dT%H:%M:%S'
158 : 2021-10-10 12:04:32,868 : INFO : telemetry.records : No cache to be uploaded.
158 : 2021-10-10 12:04:32,868 : INFO : telemetry.client : Accumulated 0 events. Flush the clients.
158 : 2021-10-10 12:04:32,868 : INFO : telemetry.note : Update the last send in note to 0001-01-01 00:00:00
158 : 2021-10-10 12:04:32,868 : INFO : telemetry.note : Update the note mtime to 2021-10-10 12:04:32.868813
117 : 2021-10-15 12:22:20,464 : INFO : telemetry.main : Attempt start. Configuration directory [/home/madhu/.azure].
117 : 2021-10-15 12:22:20,473 : INFO : telemetry.check : Returns Positive.
117 : 2021-10-15 12:22:20,473 : DEBUG : telemetry.note : acquiring lock
117 : 2021-10-15 12:22:20,473 : DEBUG : telemetry.note : acquired lock
117 : 2021-10-15 12:22:20,473 : INFO : telemetry.note : Update the note mtime to 2021-10-15 12:22:20.473822
117 : 2021-10-15 12:22:20,479 : WARNING : telemetry.note : Fail to parse or read the timestamp '1-01-01T00:00:00' in the note file. Set the last send time to minimal. Reason: time data '1-01-01T00:00:00' does not match format '%Y-%m-%dT%H:%M:%S'
117 : 2021-10-15 12:22:20,479 : INFO : telemetry.records : No cache to be uploaded.
117 : 2021-10-15 12:22:20,479 : INFO : telemetry.client : Accumulated 0 events. Flush the clients.
117 : 2021-10-15 12:22:20,479 : INFO : telemetry.note : Update the last send in note to 0001-01-01 00:00:00
117 : 2021-10-15 12:22:20,479 : INFO : telemetry.note : Update the note mtime to 2021-10-15 12:22:20.479786
